<?xml version="1.0" encoding="UTF-8"?>
<!-- Generated by org.testng.reporters.JUnitReportReporter -->
<testsuite hostname="U1-DPE-CPB-0019" name="com.demo.store.tests.TestNGDemoStore" tests="1" failures="0" timestamp="26 Aug 2016 16:31:04 GMT" time="69.201" errors="0">
  <testcase name="goToCategories" time="69.201" classname="com.demo.store.tests.TestNGDemoStore"/>
</testsuite> <!-- com.demo.store.tests.TestNGDemoStore -->
