<?xml version="1.0" encoding="UTF-8"?>
<!-- Generated by org.testng.reporters.JUnitReportReporter -->
<testsuite hostname="DESKTOP-J18UEDR" name="com.demo.store.tests.TestNGDemoStore" tests="1" failures="0" timestamp="15 Aug 2016 20:01:06 GMT" time="32.829" errors="0">
  <testcase name="goToCategories" time="32.829" classname="com.demo.store.tests.TestNGDemoStore"/>
</testsuite> <!-- com.demo.store.tests.TestNGDemoStore -->
