<?xml version="1.0" encoding="UTF-8"?>
<!-- Generated by org.testng.reporters.JUnitReportReporter -->
<testsuite hostname="U2-DPE-CPB-0035" name="com.demo.store.tests.TestNGDemoStore" tests="1" failures="0" timestamp="19 Aug 2016 06:47:34 GMT" time="117.260" errors="0">
  <testcase name="goToCategories" time="117.260" classname="com.demo.store.tests.TestNGDemoStore"/>
</testsuite> <!-- com.demo.store.tests.TestNGDemoStore -->
